C:\Development\WaterBillingSystem\Web.ClientApp\ClientApp\dist\out-tsc\src\app\models\barangay.model.js
C:\Development\WaterBillingSystem\Web.ClientApp\ClientApp\dist\out-tsc\src\app\models\barangay.model.js.map
C:\Development\WaterBillingSystem\Web.ClientApp\ClientApp\dist\out-tsc\src\app\services\barangay.service.js
C:\Development\WaterBillingSystem\Web.ClientApp\ClientApp\dist\out-tsc\src\app\services\barangay.service.js.map
C:\Development\WaterBillingSystem\Web.ClientApp\ClientApp\dist\out-tsc\src\app\app.component.js
C:\Development\WaterBillingSystem\Web.ClientApp\ClientApp\dist\out-tsc\src\app\app.component.js.map
C:\Development\WaterBillingSystem\Web.ClientApp\ClientApp\dist\out-tsc\src\app\components\barangay\index\index.component.js
C:\Development\WaterBillingSystem\Web.ClientApp\ClientApp\dist\out-tsc\src\app\components\barangay\index\index.component.js.map
C:\Development\WaterBillingSystem\Web.ClientApp\ClientApp\dist\out-tsc\src\app\components\barangay\create\create.component.js
C:\Development\WaterBillingSystem\Web.ClientApp\ClientApp\dist\out-tsc\src\app\components\barangay\create\create.component.js.map
C:\Development\WaterBillingSystem\Web.ClientApp\ClientApp\dist\out-tsc\src\app\components\barangay\edit\edit.component.js
C:\Development\WaterBillingSystem\Web.ClientApp\ClientApp\dist\out-tsc\src\app\components\barangay\edit\edit.component.js.map
C:\Development\WaterBillingSystem\Web.ClientApp\ClientApp\dist\out-tsc\src\app\app-routing.module.js
C:\Development\WaterBillingSystem\Web.ClientApp\ClientApp\dist\out-tsc\src\app\app-routing.module.js.map
C:\Development\WaterBillingSystem\Web.ClientApp\ClientApp\dist\out-tsc\src\app\app.module.js
C:\Development\WaterBillingSystem\Web.ClientApp\ClientApp\dist\out-tsc\src\app\app.module.js.map
C:\Development\WaterBillingSystem\Web.ClientApp\ClientApp\dist\out-tsc\src\environments\environment.js
C:\Development\WaterBillingSystem\Web.ClientApp\ClientApp\dist\out-tsc\src\environments\environment.js.map
C:\Development\WaterBillingSystem\Web.ClientApp\ClientApp\dist\out-tsc\src\main.js
C:\Development\WaterBillingSystem\Web.ClientApp\ClientApp\dist\out-tsc\src\main.js.map
C:\Development\WaterBillingSystem\Web.ClientApp\ClientApp\dist\out-tsc\src\polyfills.js
C:\Development\WaterBillingSystem\Web.ClientApp\ClientApp\dist\out-tsc\src\polyfills.js.map
C:\Development\WaterBillingSystem\Web.ClientApp\ClientApp\dist\out-tsc\src\test.js
C:\Development\WaterBillingSystem\Web.ClientApp\ClientApp\dist\out-tsc\src\test.js.map
C:\Development\WaterBillingSystem\Web.ClientApp\ClientApp\dist\out-tsc\e2e\src\app.po.js
C:\Development\WaterBillingSystem\Web.ClientApp\ClientApp\dist\out-tsc\e2e\src\app.po.js.map
C:\Development\WaterBillingSystem\Web.ClientApp\ClientApp\dist\out-tsc\e2e\src\app.e2e-spec.js
C:\Development\WaterBillingSystem\Web.ClientApp\ClientApp\dist\out-tsc\e2e\src\app.e2e-spec.js.map
C:\Development\WaterBillingSystem\Web.ClientApp\ClientApp\dist\out-tsc\src\app\app.component.spec.js
C:\Development\WaterBillingSystem\Web.ClientApp\ClientApp\dist\out-tsc\src\app\app.component.spec.js.map
C:\Development\WaterBillingSystem\Web.ClientApp\ClientApp\dist\out-tsc\src\environments\environment.prod.js
C:\Development\WaterBillingSystem\Web.ClientApp\ClientApp\dist\out-tsc\src\environments\environment.prod.js.map
